# JRE version: Java(TM) SE Runtime Environment (9.0+11) (build 9.0.1+11)
# Java VM: Java HotSpot(TM) 64-Bit Server VM (9.0.1+11, mixed mode, tiered, compressed oops, g1 gc, windows-amd64)
Heap:
 garbage-first heap   total 98304K, used 64519K [0x00000000a1400000, 0x00000000a1500300, 0x0000000100000000)
  region size 1024K, 18 young (18432K), 2 survivors (2048K)
 Metaspace       used 15964K, capacity 16856K, committed 17152K, reserved 1064960K
  class space    used 1845K, capacity 2027K, committed 2048K, reserved 1048576K
GC Heap History (6 events):
Event: 0.853 GC heap before
{Heap before GC invocations=0 (full 0):
 garbage-first heap   total 98304K, used 14336K [0x00000000a1400000, 0x00000000a1500300, 0x0000000100000000)
  region size 1024K, 14 young (14336K), 0 survivors (0K)
 Metaspace       used 12148K, capacity 12796K, committed 12928K, reserved 1060864K
  class space    used 1379K, capacity 1540K, committed 1664K, reserved 1048576K
}
Event: 0.861 GC heap after
{Heap after GC invocations=1 (full 0):
 garbage-first heap   total 98304K, used 2500K [0x00000000a1400000, 0x00000000a1500300, 0x0000000100000000)
  region size 1024K, 2 young (2048K), 2 survivors (2048K)
 Metaspace       used 12148K, capacity 12796K, committed 12928K, reserved 1060864K
  class space    used 1379K, capacity 1540K, committed 1664K, reserved 1048576K
}
Event: 1.413 GC heap before
{Heap before GC invocations=1 (full 0):
 garbage-first heap   total 98304K, used 12740K [0x00000000a1400000, 0x00000000a1500300, 0x0000000100000000)
  region size 1024K, 12 young (12288K), 2 survivors (2048K)
 Metaspace       used 15687K, capacity 16556K, committed 16896K, reserved 1064960K
  class space    used 1820K, capacity 1995K, committed 2048K, reserved 1048576K
}
Event: 1.420 GC heap after
{Heap after GC invocations=2 (full 0):
 garbage-first heap   total 98304K, used 5032K [0x00000000a1400000, 0x00000000a1500300, 0x0000000100000000)
  region size 1024K, 4 young (4096K), 4 survivors (4096K)
 Metaspace       used 15687K, capacity 16556K, committed 16896K, reserved 1064960K
  class space    used 1820K, capacity 1995K, committed 2048K, reserved 1048576K
}
Event: 1.651 GC heap before
{Heap before GC invocations=3 (full 0):
 garbage-first heap   total 98304K, used 79784K [0x00000000a1400000, 0x00000000a1500300, 0x0000000100000000)
  region size 1024K, 34 young (34816K), 4 survivors (4096K)
 Metaspace       used 15692K, capacity 16564K, committed 16896K, reserved 1064960K
  class space    used 1820K, capacity 1995K, committed 2048K, reserved 1048576K
}
Event: 1.658 GC heap after
{Heap after GC invocations=4 (full 0):
 garbage-first heap   total 98304K, used 49159K [0x00000000a1400000, 0x00000000a1500300, 0x0000000100000000)
  region size 1024K, 2 young (2048K), 2 survivors (2048K)
 Metaspace       used 15692K, capacity 16564K, committed 16896K, reserved 1064960K
  class space    used 1820K, capacity 1995K, committed 2048K, reserved 1048576K
}

